TN:s21_string_test
SF:/Users/morfinpo/Desktop/C2_s21_stringplus-0/src/test/from gitlab/s21_sprintf.c
FN:3,s21_sprintf
FNDA:68,s21_sprintf
FNF:1
FNH:1
DA:3,68
DA:5,68
DA:6,68
DA:7,68
DA:9,231
DA:10,163
DA:11,54
DA:12,54
DA:13,54
DA:16,109
DA:17,109
DA:18,109
DA:19,109
DA:20,109
DA:22,1284
DA:23,1175
DA:24,1175
DA:28,68
DA:29,68
DA:31,68
LF:20
LH:20
end_of_record
TN:s21_string_test
SF:/Users/morfinpo/Desktop/C2_s21_stringplus-0/src/test/from gitlab/s21_string.c
FN:5,s21_memchr
FNDA:6,s21_memchr
FN:24,s21_memcmp
FNDA:9,s21_memcmp
FN:43,s21_memcpy
FNDA:70,s21_memcpy
FN:59,s21_memmove
FNDA:6,s21_memmove
FN:80,s21_memset
FNDA:21,s21_memset
FN:89,s21_strcat
FNDA:5,s21_strcat
FN:103,s21_strncat
FNDA:5,s21_strncat
FN:117,s21_strchr
FNDA:27,s21_strchr
FN:127,s21_strcmp
FNDA:6,s21_strcmp
FN:132,s21_strncmp
FNDA:11,s21_strncmp
FN:139,s21_strcpy
FNDA:91,s21_strcpy
FN:151,s21_strncpy
FNDA:9,s21_strncpy
FN:167,s21_strcspn
FNDA:6,s21_strcspn
FN:183,s21_strerror
FNDA:106,s21_strerror
FN:199,s21_strlen
FNDA:351,s21_strlen
FN:209,s21_strpbrk
FNDA:5,s21_strpbrk
FN:226,s21_strrchr
FNDA:3,s21_strrchr
FN:237,s21_strspn
FNDA:4,s21_strspn
FN:261,s21_strstr
FNDA:5,s21_strstr
FN:294,s21_strtok
FNDA:4,s21_strtok
FN:319,s21_to_upper
FNDA:4,s21_to_upper
FN:338,s21_to_lower
FNDA:4,s21_to_lower
FN:357,s21_insert
FNDA:6,s21_insert
FN:387,s21_trim
FNDA:5,s21_trim
FNF:24
FNH:24
DA:5,6
DA:11,6
DA:12,6
DA:13,6
DA:14,32
DA:16,30
DA:17,4
DA:18,26
DA:19,26
DA:21,2
DA:24,9
DA:31,9
DA:32,9
DA:33,157
DA:35,151
DA:36,151
DA:37,151
DA:38,3
DA:40,6
DA:43,70
DA:47,70
DA:49,70
DA:50,412
DA:52,342
DA:53,342
DA:56,70
DA:59,6
DA:65,6
DA:67,6
DA:68,6
DA:69,6
DA:70,6
DA:71,50
DA:72,44
DA:74,0
DA:75,0
DA:77,6
DA:80,21
DA:81,21
DA:82,432
DA:83,411
DA:84,411
DA:86,21
DA:89,5
DA:90,5
DA:91,29
DA:92,24
DA:94,33
DA:95,28
DA:96,28
DA:97,28
DA:99,5
DA:100,5
DA:103,5
DA:104,5
DA:105,27
DA:106,22
DA:108,23
DA:109,18
DA:110,18
DA:111,18
DA:112,18
DA:114,5
DA:117,27
DA:118,59
DA:119,32
DA:121,27
DA:122,9
DA:124,18
DA:127,6
DA:128,18
DA:129,6
DA:132,11
DA:133,33
DA:134,22
DA:136,11
DA:139,91
DA:140,91
DA:142,1296
DA:143,1205
DA:144,1205
DA:145,1205
DA:147,91
DA:148,91
DA:151,9
DA:152,9
DA:154,19
DA:155,10
DA:156,10
DA:159,19
DA:160,10
DA:161,10
DA:164,9
DA:167,6
DA:168,6
DA:169,6
DA:170,6
DA:171,6
DA:172,104
DA:173,99
DA:174,43
DA:175,43
DA:176,43
DA:180,6
DA:183,106
DA:186,106
DA:189,106
DA:193,106
DA:194,0
DA:196,106
DA:199,351
DA:200,351
DA:201,351
DA:202,3553
DA:205,351
DA:209,5
DA:210,5
DA:211,5
DA:212,4
DA:213,71
DA:214,67
DA:215,27
DA:216,27
DA:219,4
DA:220,2
DA:223,5
DA:226,3
DA:227,3
DA:228,27
DA:229,24
DA:230,2
DA:232,24
DA:234,3
DA:237,4
DA:239,4
DA:244,4
DA:246,13
DA:247,21
DA:248,21
DA:249,6
DA:250,6
DA:252,15
DA:253,3
DA:254,3
DA:258,4
DA:261,5
DA:263,5
DA:266,5
DA:267,5
DA:269,5
DA:270,0
DA:273,5
DA:274,1
DA:275,1
DA:278,23
DA:279,18
DA:280,3
DA:281,5
DA:282,2
DA:284,3
DA:285,2
DA:286,2
DA:289,18
DA:291,5
DA:294,4
DA:297,4
DA:298,4
DA:299,5
DA:300,1
DA:303,4
DA:304,4
DA:305,3
DA:306,15
DA:307,12
DA:308,5
DA:309,2
DA:311,1
DA:314,0
DA:316,4
DA:319,4
DA:321,4
DA:322,4
DA:324,4
DA:326,26
DA:327,22
DA:328,12
DA:331,10
DA:334,4
DA:335,4
DA:338,4
DA:340,4
DA:341,4
DA:343,4
DA:345,26
DA:346,22
DA:347,12
DA:350,10
DA:353,4
DA:354,4
DA:357,6
DA:359,6
DA:361,6
DA:362,6
DA:364,6
DA:365,1
DA:368,5
DA:370,5
DA:371,5
DA:373,19
DA:374,14
DA:376,17
DA:377,12
DA:379,15
DA:380,10
DA:382,5
DA:384,6
DA:387,5
DA:389,5
DA:391,5
DA:392,5
DA:394,5
DA:395,5
DA:397,15
DA:398,10
DA:399,18
DA:400,14
DA:401,6
DA:402,6
DA:407,14
DA:408,9
DA:409,17
DA:410,12
DA:411,4
DA:412,4
DA:417,5
DA:419,38
DA:420,33
DA:423,5
DA:424,5
LF:239
LH:234
end_of_record
TN:s21_string_test
SF:/Users/morfinpo/Desktop/C2_s21_stringplus-0/src/test/from gitlab/s21_string_test.c
FN:13,memchr_test_fn
FNDA:1,memchr_test_fn
FN:27,memcmp_test_fn
FNDA:1,memcmp_test_fn
FN:46,memcpy_test_fn
FNDA:1,memcpy_test_fn
FN:62,memmove1_fn
FNDA:1,memmove1_fn
FN:78,memset_test_fn
FNDA:1,memset_test_fn
FN:95,strcat_test_fn
FNDA:1,strcat_test_fn
FN:109,strncat_test_fn
FNDA:1,strncat_test_fn
FN:123,strchr_test_fn
FNDA:1,strchr_test_fn
FN:136,s21_strcmp_test_fn
FNDA:1,s21_strcmp_test_fn
FN:158,s21_strncmp_test_fn
FNDA:1,s21_strncmp_test_fn
FN:185,s21_strcpy_test_fn
FNDA:1,s21_strcpy_test_fn
FN:213,s21_strncpy_test_fn
FNDA:1,s21_strncpy_test_fn
FN:241,s21_strcspn_test_fn
FNDA:1,s21_strcspn_test_fn
FN:257,s21_strerror_test_fn
FNDA:1,s21_strerror_test_fn
FN:266,s21_strlen_test_fn
FNDA:1,s21_strlen_test_fn
FN:279,s21_strpbrk_test_fn
FNDA:1,s21_strpbrk_test_fn
FN:294,s21_strrchr_test_fn
FNDA:1,s21_strrchr_test_fn
FN:311,s21_strspn_test_fn
FNDA:1,s21_strspn_test_fn
FN:329,s21_strstr_test_fn
FNDA:1,s21_strstr_test_fn
FN:350,s21_strtok_test_fn
FNDA:1,s21_strtok_test_fn
FN:369,s21_to_upper_test_fn
FNDA:1,s21_to_upper_test_fn
FN:391,s21_to_lower_test_fn
FNDA:1,s21_to_lower_test_fn
FN:413,s21_insert_test_fn
FNDA:1,s21_insert_test_fn
FN:443,s21_trim_test_fn
FNDA:1,s21_trim_test_fn
FN:469,sprintf1_fn
FNDA:1,sprintf1_fn
FN:483,sprintf2_fn
FNDA:1,sprintf2_fn
FN:498,sprintf3_fn
FNDA:1,sprintf3_fn
FN:514,sprintf4_fn
FNDA:1,sprintf4_fn
FN:530,sprintf5_fn
FNDA:1,sprintf5_fn
FN:546,sprintf6_fn
FNDA:1,sprintf6_fn
FN:561,sprintf7_fn
FNDA:1,sprintf7_fn
FN:577,sprintf8_fn
FNDA:1,sprintf8_fn
FN:592,sprintf9_fn
FNDA:1,sprintf9_fn
FN:608,sprintf10_fn
FNDA:1,sprintf10_fn
FN:623,sprintf11_fn
FNDA:1,sprintf11_fn
FN:638,sprintf12_fn
FNDA:1,sprintf12_fn
FN:653,sprintf13_fn
FNDA:1,sprintf13_fn
FN:668,sprintf14_fn
FNDA:1,sprintf14_fn
FN:683,sprintf15_fn
FNDA:1,sprintf15_fn
FN:698,sprintf16_fn
FNDA:1,sprintf16_fn
FN:713,sprintf17_fn
FNDA:1,sprintf17_fn
FN:728,sprintf18_fn
FNDA:1,sprintf18_fn
FN:742,sprintf19_fn
FNDA:1,sprintf19_fn
FN:756,sprintf20_fn
FNDA:1,sprintf20_fn
FN:771,sprintf21_fn
FNDA:1,sprintf21_fn
FN:786,sprintf22_fn
FNDA:1,sprintf22_fn
FN:804,sprintf23_fn
FNDA:1,sprintf23_fn
FN:820,sprintf24_fn
FNDA:1,sprintf24_fn
FN:836,sprintf25_fn
FNDA:1,sprintf25_fn
FN:853,sprintf26_fn
FNDA:1,sprintf26_fn
FN:869,sprintf27_fn
FNDA:1,sprintf27_fn
FN:885,sprintf28_fn
FNDA:1,sprintf28_fn
FN:901,sprintf29_fn
FNDA:1,sprintf29_fn
FN:917,sprintf30_fn
FNDA:1,sprintf30_fn
FN:933,sprintf31_fn
FNDA:1,sprintf31_fn
FN:949,sprintf32_fn
FNDA:1,sprintf32_fn
FN:966,sprintf33_fn
FNDA:1,sprintf33_fn
FN:983,sprintf34_fn
FNDA:1,sprintf34_fn
FN:1001,sprintf35_fn
FNDA:1,sprintf35_fn
FN:1021,sprintf36_fn
FNDA:1,sprintf36_fn
FN:1036,sprintf37_fn
FNDA:1,sprintf37_fn
FN:1052,sprintf38_fn
FNDA:1,sprintf38_fn
FN:1067,sprintf39_fn
FNDA:1,sprintf39_fn
FN:1083,sprintf40_fn
FNDA:1,sprintf40_fn
FN:1098,sprintf41_fn
FNDA:1,sprintf41_fn
FN:1113,sprintf42_fn
FNDA:1,sprintf42_fn
FN:1128,sprintf43_fn
FNDA:1,sprintf43_fn
FN:1144,sprintf47_fn
FNDA:1,sprintf47_fn
FN:1157,sprintf48_fn
FNDA:1,sprintf48_fn
FN:1172,sprintf49_fn
FNDA:1,sprintf49_fn
FN:1187,sprintf50_fn
FNDA:1,sprintf50_fn
FN:1201,sprintf51_fn
FNDA:1,sprintf51_fn
FN:1215,sprintf52_fn
FNDA:1,sprintf52_fn
FN:1228,sprintf53_fn
FNDA:1,sprintf53_fn
FN:1242,sprintf54_fn
FNDA:1,sprintf54_fn
FN:1256,sprintf56_fn
FNDA:1,sprintf56_fn
FN:1271,sprintf57_fn
FNDA:1,sprintf57_fn
FN:1286,sprintf58_fn
FNDA:1,sprintf58_fn
FN:1301,sprintf59_fn
FNDA:1,sprintf59_fn
FN:1315,sprintf60_fn
FNDA:1,sprintf60_fn
FN:1330,sprintf61_fn
FNDA:1,sprintf61_fn
FN:1344,sprintf62_fn
FNDA:1,sprintf62_fn
FN:1360,sprintf63_fn
FNDA:1,sprintf63_fn
FN:1376,sprintf64_fn
FNDA:1,sprintf64_fn
FN:1393,sprintf65_fn
FNDA:1,sprintf65_fn
FN:1408,sprintf66_fn
FNDA:1,sprintf66_fn
FN:1423,sprintf67_fn
FNDA:1,sprintf67_fn
FN:1438,sprintf68_fn
FNDA:1,sprintf68_fn
FN:1453,sprintf69_fn
FNDA:1,sprintf69_fn
FN:1468,sprintf70_fn
FNDA:1,sprintf70_fn
FN:1483,sprintf71_fn
FNDA:1,sprintf71_fn
FN:1499,sprintf72_fn
FNDA:1,sprintf72_fn
FN:1513,main
FNDA:93,main
FNF:93
FNH:93
DA:13,1
DA:15,1
DA:16,1
DA:17,1
DA:18,1
DA:19,1
DA:20,1
DA:21,1
DA:22,1
DA:24,1
DA:27,1
DA:29,1
DA:30,1
DA:31,1
DA:32,1
DA:33,1
DA:34,1
DA:35,1
DA:36,1
DA:37,1
DA:38,1
DA:39,1
DA:40,1
DA:41,1
DA:43,1
DA:46,1
DA:48,1
DA:49,1
DA:50,1
DA:51,1
DA:52,1
DA:53,1
DA:54,1
DA:55,1
DA:56,1
DA:57,1
DA:59,1
DA:62,1
DA:64,1
DA:65,1
DA:66,1
DA:67,1
DA:68,1
DA:69,1
DA:70,1
DA:71,1
DA:72,1
DA:73,1
DA:75,1
DA:78,1
DA:80,1
DA:81,1
DA:82,1
DA:83,1
DA:84,1
DA:85,1
DA:86,1
DA:87,1
DA:88,1
DA:89,1
DA:90,1
DA:92,1
DA:95,1
DA:97,1
DA:98,1
DA:99,1
DA:100,1
DA:101,1
DA:102,1
DA:103,1
DA:104,1
DA:106,1
DA:109,1
DA:111,1
DA:112,1
DA:113,1
DA:114,1
DA:115,1
DA:116,1
DA:117,1
DA:118,1
DA:120,1
DA:123,1
DA:125,1
DA:126,1
DA:127,1
DA:128,1
DA:129,1
DA:130,1
DA:131,1
DA:133,1
DA:136,1
DA:138,1
DA:139,1
DA:140,1
DA:141,1
DA:142,1
DA:143,1
DA:144,1
DA:145,1
DA:146,1
DA:148,1
DA:149,1
DA:150,1
DA:151,1
DA:152,1
DA:153,1
DA:155,1
DA:158,1
DA:160,1
DA:161,1
DA:162,1
DA:163,1
DA:164,1
DA:165,1
DA:166,1
DA:167,1
DA:168,1
DA:170,1
DA:171,1
DA:172,1
DA:173,1
DA:174,1
DA:175,1
DA:176,1
DA:177,1
DA:178,1
DA:179,1
DA:180,1
DA:182,1
DA:185,1
DA:187,1
DA:188,1
DA:189,1
DA:190,1
DA:191,1
DA:192,1
DA:193,1
DA:194,1
DA:195,1
DA:196,1
DA:197,1
DA:198,1
DA:200,1
DA:201,1
DA:202,1
DA:203,1
DA:204,1
DA:205,1
DA:206,1
DA:207,1
DA:208,1
DA:210,1
DA:213,1
DA:215,1
DA:216,1
DA:217,1
DA:218,1
DA:219,1
DA:220,1
DA:221,1
DA:222,1
DA:223,1
DA:224,1
DA:225,1
DA:226,1
DA:228,1
DA:229,1
DA:230,1
DA:231,1
DA:232,1
DA:233,1
DA:234,1
DA:235,1
DA:236,1
DA:238,1
DA:241,1
DA:243,1
DA:244,1
DA:245,1
DA:247,1
DA:248,1
DA:249,1
DA:250,1
DA:251,1
DA:252,1
DA:254,1
DA:257,1
DA:259,107
DA:260,106
DA:263,1
DA:266,1
DA:268,1
DA:269,1
DA:270,1
DA:271,1
DA:272,1
DA:273,1
DA:274,1
DA:276,1
DA:279,1
DA:281,1
DA:282,1
DA:283,1
DA:285,1
DA:286,1
DA:287,1
DA:288,1
DA:289,1
DA:291,1
DA:294,1
DA:296,1
DA:297,1
DA:298,1
DA:300,1
DA:301,1
DA:302,1
DA:304,1
DA:305,1
DA:306,1
DA:308,1
DA:311,1
DA:313,1
DA:314,1
DA:315,1
DA:316,1
DA:317,1
DA:318,1
DA:319,1
DA:320,1
DA:321,1
DA:322,1
DA:323,1
DA:324,1
DA:326,1
DA:329,1
DA:331,1
DA:332,1
DA:333,1
DA:334,1
DA:335,1
DA:336,1
DA:337,1
DA:338,1
DA:339,1
DA:340,1
DA:341,1
DA:342,1
DA:343,1
DA:344,1
DA:345,1
DA:347,1
DA:350,1
DA:352,1
DA:353,1
DA:354,1
DA:355,1
DA:356,1
DA:357,1
DA:358,1
DA:359,1
DA:360,1
DA:361,1
DA:362,1
DA:363,1
DA:364,1
DA:366,1
DA:369,1
DA:371,1
DA:372,1
DA:373,1
DA:374,1
DA:375,1
DA:376,1
DA:377,1
DA:378,1
DA:379,1
DA:380,1
DA:381,1
DA:382,1
DA:383,1
DA:384,1
DA:385,1
DA:386,1
DA:388,1
DA:391,1
DA:393,1
DA:394,1
DA:395,1
DA:396,1
DA:397,1
DA:398,1
DA:399,1
DA:400,1
DA:401,1
DA:402,1
DA:403,1
DA:404,1
DA:405,1
DA:406,1
DA:407,1
DA:408,1
DA:410,1
DA:413,1
DA:415,1
DA:416,1
DA:417,1
DA:418,1
DA:419,1
DA:420,1
DA:421,1
DA:422,1
DA:423,1
DA:424,1
DA:425,1
DA:426,1
DA:427,1
DA:428,1
DA:429,1
DA:430,1
DA:431,1
DA:432,1
DA:433,1
DA:434,1
DA:435,1
DA:436,1
DA:437,1
DA:438,1
DA:440,1
DA:443,1
DA:445,1
DA:446,1
DA:447,1
DA:448,1
DA:449,1
DA:450,1
DA:451,1
DA:452,1
DA:453,1
DA:454,1
DA:455,1
DA:456,1
DA:457,1
DA:458,1
DA:459,1
DA:460,1
DA:461,1
DA:462,1
DA:463,1
DA:464,1
DA:466,1
DA:469,1
DA:474,1
DA:475,1
DA:476,1
DA:478,1
DA:480,1
DA:483,1
DA:488,1
DA:489,1
DA:490,1
DA:493,1
DA:495,1
DA:498,1
DA:504,1
DA:505,1
DA:506,1
DA:509,1
DA:511,1
DA:514,1
DA:520,1
DA:521,1
DA:522,1
DA:525,1
DA:527,1
DA:530,1
DA:536,1
DA:537,1
DA:538,1
DA:541,1
DA:543,1
DA:546,1
DA:551,1
DA:552,1
DA:553,1
DA:556,1
DA:558,1
DA:561,1
DA:567,1
DA:568,1
DA:569,1
DA:572,1
DA:574,1
DA:577,1
DA:582,1
DA:583,1
DA:584,1
DA:587,1
DA:589,1
DA:592,1
DA:597,1
DA:598,1
DA:599,1
DA:603,1
DA:605,1
DA:608,1
DA:613,1
DA:614,1
DA:615,1
DA:618,1
DA:620,1
DA:623,1
DA:628,1
DA:629,1
DA:630,1
DA:633,1
DA:635,1
DA:638,1
DA:643,1
DA:644,1
DA:645,1
DA:648,1
DA:650,1
DA:653,1
DA:658,1
DA:659,1
DA:660,1
DA:663,1
DA:665,1
DA:668,1
DA:673,1
DA:674,1
DA:675,1
DA:678,1
DA:680,1
DA:683,1
DA:688,1
DA:689,1
DA:690,1
DA:693,1
DA:695,1
DA:698,1
DA:703,1
DA:704,1
DA:705,1
DA:708,1
DA:710,1
DA:713,1
DA:718,1
DA:719,1
DA:720,1
DA:723,1
DA:725,1
DA:728,1
DA:733,1
DA:734,1
DA:735,1
DA:738,1
DA:739,1
DA:742,1
DA:747,1
DA:748,1
DA:749,1
DA:752,1
DA:753,1
DA:756,1
DA:761,1
DA:762,1
DA:763,1
DA:766,1
DA:768,1
DA:771,1
DA:776,1
DA:777,1
DA:778,1
DA:781,1
DA:783,1
DA:786,1
DA:791,1
DA:792,1
DA:793,1
DA:798,1
DA:801,1
DA:804,1
DA:810,1
DA:811,1
DA:812,1
DA:815,1
DA:817,1
DA:820,1
DA:826,1
DA:827,1
DA:828,1
DA:831,1
DA:833,1
DA:836,1
DA:843,1
DA:844,1
DA:845,1
DA:848,1
DA:850,1
DA:853,1
DA:859,1
DA:860,1
DA:861,1
DA:864,1
DA:866,1
DA:869,1
DA:875,1
DA:876,1
DA:877,1
DA:880,1
DA:882,1
DA:885,1
DA:891,1
DA:892,1
DA:893,1
DA:896,1
DA:898,1
DA:901,1
DA:907,1
DA:908,1
DA:909,1
DA:912,1
DA:914,1
DA:917,1
DA:923,1
DA:924,1
DA:925,1
DA:928,1
DA:930,1
DA:933,1
DA:939,1
DA:940,1
DA:941,1
DA:944,1
DA:946,1
DA:949,1
DA:955,1
DA:956,1
DA:957,1
DA:960,1
DA:963,1
DA:966,1
DA:972,1
DA:973,1
DA:974,1
DA:977,1
DA:980,1
DA:983,1
DA:989,1
DA:990,1
DA:992,1
DA:995,1
DA:998,1
DA:1001,1
DA:1007,1
DA:1008,1
DA:1010,1
DA:1011,1
DA:1012,1
DA:1013,1
DA:1016,1
DA:1018,1
DA:1021,1
DA:1026,1
DA:1027,1
DA:1028,1
DA:1031,1
DA:1033,1
DA:1036,1
DA:1041,1
DA:1042,1
DA:1043,1
DA:1046,1
DA:1049,1
DA:1052,1
DA:1057,1
DA:1058,1
DA:1059,1
DA:1062,1
DA:1064,1
DA:1067,1
DA:1072,1
DA:1073,1
DA:1074,1
DA:1077,1
DA:1080,1
DA:1083,1
DA:1088,1
DA:1089,1
DA:1090,1
DA:1093,1
DA:1095,1
DA:1098,1
DA:1103,1
DA:1104,1
DA:1105,1
DA:1108,1
DA:1110,1
DA:1113,1
DA:1118,1
DA:1119,1
DA:1120,1
DA:1123,1
DA:1125,1
DA:1128,1
DA:1133,1
DA:1134,1
DA:1135,1
DA:1138,1
DA:1141,1
DA:1144,1
DA:1149,1
DA:1152,1
DA:1154,1
DA:1157,1
DA:1163,1
DA:1166,1
DA:1169,1
DA:1172,1
DA:1178,1
DA:1182,1
DA:1184,1
DA:1187,1
DA:1193,1
DA:1195,1
DA:1198,1
DA:1201,1
DA:1207,1
DA:1210,1
DA:1212,1
DA:1215,1
DA:1221,1
DA:1223,1
DA:1225,1
DA:1228,1
DA:1234,1
DA:1237,1
DA:1239,1
DA:1242,1
DA:1248,1
DA:1251,1
DA:1253,1
DA:1256,1
DA:1262,1
DA:1265,1
DA:1268,1
DA:1271,1
DA:1277,1
DA:1281,1
DA:1283,1
DA:1286,1
DA:1292,1
DA:1295,1
DA:1298,1
DA:1301,1
DA:1307,1
DA:1310,1
DA:1312,1
DA:1315,1
DA:1321,1
DA:1325,1
DA:1327,1
DA:1330,1
DA:1335,1
DA:1337,1
DA:1339,1
DA:1341,1
DA:1344,1
DA:1349,1
DA:1351,1
DA:1354,1
DA:1357,1
DA:1360,1
DA:1365,1
DA:1367,1
DA:1370,1
DA:1373,1
DA:1376,1
DA:1381,1
DA:1383,1
DA:1384,1
DA:1385,1
DA:1386,1
DA:1388,1
DA:1390,1
DA:1393,1
DA:1398,1
DA:1400,1
DA:1403,1
DA:1405,1
DA:1408,1
DA:1413,1
DA:1415,1
DA:1418,1
DA:1420,1
DA:1423,1
DA:1428,1
DA:1430,1
DA:1433,1
DA:1435,1
DA:1438,1
DA:1443,1
DA:1445,1
DA:1448,1
DA:1450,1
DA:1453,1
DA:1458,1
DA:1460,1
DA:1463,1
DA:1465,1
DA:1468,1
DA:1473,1
DA:1475,1
DA:1478,1
DA:1480,1
DA:1483,1
DA:1488,1
DA:1490,1
DA:1493,1
DA:1496,1
DA:1499,1
DA:1504,1
DA:1506,1
DA:1509,1
DA:1510,1
DA:1513,93
DA:1515,93
DA:1516,93
DA:1517,93
DA:1520,93
DA:1521,93
DA:1522,93
DA:1523,93
DA:1524,93
DA:1525,93
DA:1526,93
DA:1527,93
DA:1528,93
DA:1529,93
DA:1530,93
DA:1531,93
DA:1532,93
DA:1533,93
DA:1534,93
DA:1535,93
DA:1536,93
DA:1537,93
DA:1538,93
DA:1539,93
DA:1540,93
DA:1541,93
DA:1542,93
DA:1543,93
DA:1544,93
DA:1545,93
DA:1546,93
DA:1547,93
DA:1548,93
DA:1549,93
DA:1550,93
DA:1551,93
DA:1552,93
DA:1553,93
DA:1554,93
DA:1555,93
DA:1556,93
DA:1557,93
DA:1558,93
DA:1559,93
DA:1560,93
DA:1561,93
DA:1562,93
DA:1563,93
DA:1564,93
DA:1565,93
DA:1566,93
DA:1567,93
DA:1568,93
DA:1569,93
DA:1570,93
DA:1571,93
DA:1572,93
DA:1573,93
DA:1574,93
DA:1575,93
DA:1576,93
DA:1577,93
DA:1578,93
DA:1579,93
DA:1580,93
DA:1581,93
DA:1582,93
DA:1583,93
DA:1584,93
DA:1585,93
DA:1586,93
DA:1587,93
DA:1588,93
DA:1589,93
DA:1590,93
DA:1591,93
DA:1592,93
DA:1593,93
DA:1594,93
DA:1595,93
DA:1596,93
DA:1597,93
DA:1598,93
DA:1599,93
DA:1600,93
DA:1601,93
DA:1602,93
DA:1603,93
DA:1604,93
DA:1605,93
DA:1606,93
DA:1607,93
DA:1608,93
DA:1609,93
DA:1610,93
DA:1611,93
DA:1612,93
DA:1614,93
DA:1615,1
DA:1616,1
DA:1618,1
LF:828
LH:828
end_of_record
